20:48:11,546  INFO DefaultTestContextBootstrapper:259 - Loaded default TestExecutionListener class names from location [META-INF/spring.factories]: [org.springframework.test.context.web.ServletTestExecutionListener, org.springframework.test.context.support.DirtiesContextBeforeModesTestExecutionListener, org.springframework.test.context.support.DependencyInjectionTestExecutionListener, org.springframework.test.context.support.DirtiesContextTestExecutionListener, org.springframework.test.context.transaction.TransactionalTestExecutionListener, org.springframework.test.context.jdbc.SqlScriptsTestExecutionListener]
20:48:11,575  INFO DefaultTestContextBootstrapper:185 - Using TestExecutionListeners: [org.springframework.test.context.web.ServletTestExecutionListener@69ea3742, org.springframework.test.context.support.DirtiesContextBeforeModesTestExecutionListener@4b952a2d, org.springframework.test.context.support.DependencyInjectionTestExecutionListener@3159c4b8, org.springframework.test.context.support.DirtiesContextTestExecutionListener@73846619, org.springframework.test.context.transaction.TransactionalTestExecutionListener@4bec1f0c, org.springframework.test.context.jdbc.SqlScriptsTestExecutionListener@29ca901e]
20:48:12,220  INFO XmlBeanDefinitionReader:317 - Loading XML bean definitions from class path resource [applicationContext.xml]
20:48:12,583  INFO GenericApplicationContext:578 - Refreshing org.springframework.context.support.GenericApplicationContext@578486a3: startup date [Sat Sep 23 20:48:12 CST 2017]; root of context hierarchy
20:48:12,699  INFO AutowiredAnnotationBeanPostProcessor:153 - JSR-330 'javax.inject.Inject' annotation found and supported for autowiring
20:48:12,756  WARN GenericApplicationContext:546 - Exception encountered during context initialization - cancelling refresh attempt: org.springframework.beans.factory.BeanCreationException: Error creating bean with name 'poolConfig' defined in class path resource [applicationContext.xml]: Error setting property values; nested exception is org.springframework.beans.NotWritablePropertyException: Invalid property 'getTestOnBorrow' of bean class [redis.clients.jedis.JedisPoolConfig]: Bean property 'getTestOnBorrow' is not writable or has an invalid setter method. Does the parameter type of the setter match the return type of the getter?
20:48:12,759 ERROR TestContextManager:231 - Caught exception while allowing TestExecutionListener [org.springframework.test.context.support.DependencyInjectionTestExecutionListener@3159c4b8] to prepare test instance [com.itcast.test.testJedis.TestJedis@461ad730]
java.lang.IllegalStateException: Failed to load ApplicationContext
	at org.springframework.test.context.cache.DefaultCacheAwareContextLoaderDelegate.loadContext(DefaultCacheAwareContextLoaderDelegate.java:124)
	at org.springframework.test.context.support.DefaultTestContext.getApplicationContext(DefaultTestContext.java:83)
	at org.springframework.test.context.support.DependencyInjectionTestExecutionListener.injectDependencies(DependencyInjectionTestExecutionListener.java:117)
	at org.springframework.test.context.support.DependencyInjectionTestExecutionListener.prepareTestInstance(DependencyInjectionTestExecutionListener.java:83)
	at org.springframework.test.context.TestContextManager.prepareTestInstance(TestContextManager.java:228)
	at org.springframework.test.context.junit4.SpringJUnit4ClassRunner.createTest(SpringJUnit4ClassRunner.java:230)
	at org.springframework.test.context.junit4.SpringJUnit4ClassRunner$1.runReflectiveCall(SpringJUnit4ClassRunner.java:289)
	at org.junit.internal.runners.model.ReflectiveCallable.run(ReflectiveCallable.java:12)
	at org.springframework.test.context.junit4.SpringJUnit4ClassRunner.methodBlock(SpringJUnit4ClassRunner.java:291)
	at org.springframework.test.context.junit4.SpringJUnit4ClassRunner.runChild(SpringJUnit4ClassRunner.java:249)
	at org.springframework.test.context.junit4.SpringJUnit4ClassRunner.runChild(SpringJUnit4ClassRunner.java:89)
	at org.junit.runners.ParentRunner$3.run(ParentRunner.java:238)
	at org.junit.runners.ParentRunner$1.schedule(ParentRunner.java:63)
	at org.junit.runners.ParentRunner.runChildren(ParentRunner.java:236)
	at org.junit.runners.ParentRunner.access$000(ParentRunner.java:53)
	at org.junit.runners.ParentRunner$2.evaluate(ParentRunner.java:229)
	at org.springframework.test.context.junit4.statements.RunBeforeTestClassCallbacks.evaluate(RunBeforeTestClassCallbacks.java:61)
	at org.springframework.test.context.junit4.statements.RunAfterTestClassCallbacks.evaluate(RunAfterTestClassCallbacks.java:70)
	at org.junit.runners.ParentRunner.run(ParentRunner.java:309)
	at org.springframework.test.context.junit4.SpringJUnit4ClassRunner.run(SpringJUnit4ClassRunner.java:193)
	at org.eclipse.jdt.internal.junit4.runner.JUnit4TestReference.run(JUnit4TestReference.java:86)
	at org.eclipse.jdt.internal.junit.runner.TestExecution.run(TestExecution.java:38)
	at org.eclipse.jdt.internal.junit.runner.RemoteTestRunner.runTests(RemoteTestRunner.java:459)
	at org.eclipse.jdt.internal.junit.runner.RemoteTestRunner.runTests(RemoteTestRunner.java:678)
	at org.eclipse.jdt.internal.junit.runner.RemoteTestRunner.run(RemoteTestRunner.java:382)
	at org.eclipse.jdt.internal.junit.runner.RemoteTestRunner.main(RemoteTestRunner.java:192)
Caused by: org.springframework.beans.factory.BeanCreationException: Error creating bean with name 'poolConfig' defined in class path resource [applicationContext.xml]: Error setting property values; nested exception is org.springframework.beans.NotWritablePropertyException: Invalid property 'getTestOnBorrow' of bean class [redis.clients.jedis.JedisPoolConfig]: Bean property 'getTestOnBorrow' is not writable or has an invalid setter method. Does the parameter type of the setter match the return type of the getter?
	at org.springframework.beans.factory.support.AbstractAutowireCapableBeanFactory.applyPropertyValues(AbstractAutowireCapableBeanFactory.java:1518)
	at org.springframework.beans.factory.support.AbstractAutowireCapableBeanFactory.populateBean(AbstractAutowireCapableBeanFactory.java:1226)
	at org.springframework.beans.factory.support.AbstractAutowireCapableBeanFactory.doCreateBean(AbstractAutowireCapableBeanFactory.java:543)
	at org.springframework.beans.factory.support.AbstractAutowireCapableBeanFactory.createBean(AbstractAutowireCapableBeanFactory.java:482)
	at org.springframework.beans.factory.support.AbstractBeanFactory$1.getObject(AbstractBeanFactory.java:306)
	at org.springframework.beans.factory.support.DefaultSingletonBeanRegistry.getSingleton(DefaultSingletonBeanRegistry.java:230)
	at org.springframework.beans.factory.support.AbstractBeanFactory.doGetBean(AbstractBeanFactory.java:302)
	at org.springframework.beans.factory.support.AbstractBeanFactory.getBean(AbstractBeanFactory.java:197)
	at org.springframework.beans.factory.support.DefaultListableBeanFactory.preInstantiateSingletons(DefaultListableBeanFactory.java:772)
	at org.springframework.context.support.AbstractApplicationContext.finishBeanFactoryInitialization(AbstractApplicationContext.java:839)
	at org.springframework.context.support.AbstractApplicationContext.refresh(AbstractApplicationContext.java:538)
	at org.springframework.test.context.support.AbstractGenericContextLoader.loadContext(AbstractGenericContextLoader.java:125)
	at org.springframework.test.context.support.AbstractGenericContextLoader.loadContext(AbstractGenericContextLoader.java:60)
	at org.springframework.test.context.support.AbstractDelegatingSmartContextLoader.delegateLoading(AbstractDelegatingSmartContextLoader.java:109)
	at org.springframework.test.context.support.AbstractDelegatingSmartContextLoader.loadContext(AbstractDelegatingSmartContextLoader.java:261)
	at org.springframework.test.context.cache.DefaultCacheAwareContextLoaderDelegate.loadContextInternal(DefaultCacheAwareContextLoaderDelegate.java:98)
	at org.springframework.test.context.cache.DefaultCacheAwareContextLoaderDelegate.loadContext(DefaultCacheAwareContextLoaderDelegate.java:116)
	... 25 more
Caused by: org.springframework.beans.NotWritablePropertyException: Invalid property 'getTestOnBorrow' of bean class [redis.clients.jedis.JedisPoolConfig]: Bean property 'getTestOnBorrow' is not writable or has an invalid setter method. Does the parameter type of the setter match the return type of the getter?
	at org.springframework.beans.BeanWrapperImpl.createNotWritablePropertyException(BeanWrapperImpl.java:231)
	at org.springframework.beans.AbstractNestablePropertyAccessor.setPropertyValue(AbstractNestablePropertyAccessor.java:423)
	at org.springframework.beans.AbstractNestablePropertyAccessor.setPropertyValue(AbstractNestablePropertyAccessor.java:280)
	at org.springframework.beans.AbstractPropertyAccessor.setPropertyValues(AbstractPropertyAccessor.java:95)
	at org.springframework.beans.AbstractPropertyAccessor.setPropertyValues(AbstractPropertyAccessor.java:75)
	at org.springframework.beans.factory.support.AbstractAutowireCapableBeanFactory.applyPropertyValues(AbstractAutowireCapableBeanFactory.java:1514)
	... 41 more
20:49:34,537  INFO DefaultTestContextBootstrapper:259 - Loaded default TestExecutionListener class names from location [META-INF/spring.factories]: [org.springframework.test.context.web.ServletTestExecutionListener, org.springframework.test.context.support.DirtiesContextBeforeModesTestExecutionListener, org.springframework.test.context.support.DependencyInjectionTestExecutionListener, org.springframework.test.context.support.DirtiesContextTestExecutionListener, org.springframework.test.context.transaction.TransactionalTestExecutionListener, org.springframework.test.context.jdbc.SqlScriptsTestExecutionListener]
20:49:34,557  INFO DefaultTestContextBootstrapper:185 - Using TestExecutionListeners: [org.springframework.test.context.web.ServletTestExecutionListener@69ea3742, org.springframework.test.context.support.DirtiesContextBeforeModesTestExecutionListener@4b952a2d, org.springframework.test.context.support.DependencyInjectionTestExecutionListener@3159c4b8, org.springframework.test.context.support.DirtiesContextTestExecutionListener@73846619, org.springframework.test.context.transaction.TransactionalTestExecutionListener@4bec1f0c, org.springframework.test.context.jdbc.SqlScriptsTestExecutionListener@29ca901e]
20:49:34,898  INFO XmlBeanDefinitionReader:317 - Loading XML bean definitions from class path resource [applicationContext.xml]
20:49:35,269  INFO GenericApplicationContext:578 - Refreshing org.springframework.context.support.GenericApplicationContext@578486a3: startup date [Sat Sep 23 20:49:35 CST 2017]; root of context hierarchy
20:49:35,410  INFO AutowiredAnnotationBeanPostProcessor:153 - JSR-330 'javax.inject.Inject' annotation found and supported for autowiring
20:49:35,468  WARN GenericApplicationContext:546 - Exception encountered during context initialization - cancelling refresh attempt: org.springframework.beans.factory.BeanCreationException: Error creating bean with name 'poolConfig' defined in class path resource [applicationContext.xml]: Error setting property values; nested exception is org.springframework.beans.NotWritablePropertyException: Invalid property 'getTestOnBorrow' of bean class [redis.clients.jedis.JedisPoolConfig]: Bean property 'getTestOnBorrow' is not writable or has an invalid setter method. Does the parameter type of the setter match the return type of the getter?
20:49:35,470 ERROR TestContextManager:231 - Caught exception while allowing TestExecutionListener [org.springframework.test.context.support.DependencyInjectionTestExecutionListener@3159c4b8] to prepare test instance [com.itcast.test.testJedis.TestJedis@461ad730]
java.lang.IllegalStateException: Failed to load ApplicationContext
	at org.springframework.test.context.cache.DefaultCacheAwareContextLoaderDelegate.loadContext(DefaultCacheAwareContextLoaderDelegate.java:124)
	at org.springframework.test.context.support.DefaultTestContext.getApplicationContext(DefaultTestContext.java:83)
	at org.springframework.test.context.support.DependencyInjectionTestExecutionListener.injectDependencies(DependencyInjectionTestExecutionListener.java:117)
	at org.springframework.test.context.support.DependencyInjectionTestExecutionListener.prepareTestInstance(DependencyInjectionTestExecutionListener.java:83)
	at org.springframework.test.context.TestContextManager.prepareTestInstance(TestContextManager.java:228)
	at org.springframework.test.context.junit4.SpringJUnit4ClassRunner.createTest(SpringJUnit4ClassRunner.java:230)
	at org.springframework.test.context.junit4.SpringJUnit4ClassRunner$1.runReflectiveCall(SpringJUnit4ClassRunner.java:289)
	at org.junit.internal.runners.model.ReflectiveCallable.run(ReflectiveCallable.java:12)
	at org.springframework.test.context.junit4.SpringJUnit4ClassRunner.methodBlock(SpringJUnit4ClassRunner.java:291)
	at org.springframework.test.context.junit4.SpringJUnit4ClassRunner.runChild(SpringJUnit4ClassRunner.java:249)
	at org.springframework.test.context.junit4.SpringJUnit4ClassRunner.runChild(SpringJUnit4ClassRunner.java:89)
	at org.junit.runners.ParentRunner$3.run(ParentRunner.java:238)
	at org.junit.runners.ParentRunner$1.schedule(ParentRunner.java:63)
	at org.junit.runners.ParentRunner.runChildren(ParentRunner.java:236)
	at org.junit.runners.ParentRunner.access$000(ParentRunner.java:53)
	at org.junit.runners.ParentRunner$2.evaluate(ParentRunner.java:229)
	at org.springframework.test.context.junit4.statements.RunBeforeTestClassCallbacks.evaluate(RunBeforeTestClassCallbacks.java:61)
	at org.springframework.test.context.junit4.statements.RunAfterTestClassCallbacks.evaluate(RunAfterTestClassCallbacks.java:70)
	at org.junit.runners.ParentRunner.run(ParentRunner.java:309)
	at org.springframework.test.context.junit4.SpringJUnit4ClassRunner.run(SpringJUnit4ClassRunner.java:193)
	at org.eclipse.jdt.internal.junit4.runner.JUnit4TestReference.run(JUnit4TestReference.java:86)
	at org.eclipse.jdt.internal.junit.runner.TestExecution.run(TestExecution.java:38)
	at org.eclipse.jdt.internal.junit.runner.RemoteTestRunner.runTests(RemoteTestRunner.java:459)
	at org.eclipse.jdt.internal.junit.runner.RemoteTestRunner.runTests(RemoteTestRunner.java:678)
	at org.eclipse.jdt.internal.junit.runner.RemoteTestRunner.run(RemoteTestRunner.java:382)
	at org.eclipse.jdt.internal.junit.runner.RemoteTestRunner.main(RemoteTestRunner.java:192)
Caused by: org.springframework.beans.factory.BeanCreationException: Error creating bean with name 'poolConfig' defined in class path resource [applicationContext.xml]: Error setting property values; nested exception is org.springframework.beans.NotWritablePropertyException: Invalid property 'getTestOnBorrow' of bean class [redis.clients.jedis.JedisPoolConfig]: Bean property 'getTestOnBorrow' is not writable or has an invalid setter method. Does the parameter type of the setter match the return type of the getter?
	at org.springframework.beans.factory.support.AbstractAutowireCapableBeanFactory.applyPropertyValues(AbstractAutowireCapableBeanFactory.java:1518)
	at org.springframework.beans.factory.support.AbstractAutowireCapableBeanFactory.populateBean(AbstractAutowireCapableBeanFactory.java:1226)
	at org.springframework.beans.factory.support.AbstractAutowireCapableBeanFactory.doCreateBean(AbstractAutowireCapableBeanFactory.java:543)
	at org.springframework.beans.factory.support.AbstractAutowireCapableBeanFactory.createBean(AbstractAutowireCapableBeanFactory.java:482)
	at org.springframework.beans.factory.support.AbstractBeanFactory$1.getObject(AbstractBeanFactory.java:306)
	at org.springframework.beans.factory.support.DefaultSingletonBeanRegistry.getSingleton(DefaultSingletonBeanRegistry.java:230)
	at org.springframework.beans.factory.support.AbstractBeanFactory.doGetBean(AbstractBeanFactory.java:302)
	at org.springframework.beans.factory.support.AbstractBeanFactory.getBean(AbstractBeanFactory.java:197)
	at org.springframework.beans.factory.support.DefaultListableBeanFactory.preInstantiateSingletons(DefaultListableBeanFactory.java:772)
	at org.springframework.context.support.AbstractApplicationContext.finishBeanFactoryInitialization(AbstractApplicationContext.java:839)
	at org.springframework.context.support.AbstractApplicationContext.refresh(AbstractApplicationContext.java:538)
	at org.springframework.test.context.support.AbstractGenericContextLoader.loadContext(AbstractGenericContextLoader.java:125)
	at org.springframework.test.context.support.AbstractGenericContextLoader.loadContext(AbstractGenericContextLoader.java:60)
	at org.springframework.test.context.support.AbstractDelegatingSmartContextLoader.delegateLoading(AbstractDelegatingSmartContextLoader.java:109)
	at org.springframework.test.context.support.AbstractDelegatingSmartContextLoader.loadContext(AbstractDelegatingSmartContextLoader.java:261)
	at org.springframework.test.context.cache.DefaultCacheAwareContextLoaderDelegate.loadContextInternal(DefaultCacheAwareContextLoaderDelegate.java:98)
	at org.springframework.test.context.cache.DefaultCacheAwareContextLoaderDelegate.loadContext(DefaultCacheAwareContextLoaderDelegate.java:116)
	... 25 more
Caused by: org.springframework.beans.NotWritablePropertyException: Invalid property 'getTestOnBorrow' of bean class [redis.clients.jedis.JedisPoolConfig]: Bean property 'getTestOnBorrow' is not writable or has an invalid setter method. Does the parameter type of the setter match the return type of the getter?
	at org.springframework.beans.BeanWrapperImpl.createNotWritablePropertyException(BeanWrapperImpl.java:231)
	at org.springframework.beans.AbstractNestablePropertyAccessor.setPropertyValue(AbstractNestablePropertyAccessor.java:423)
	at org.springframework.beans.AbstractNestablePropertyAccessor.setPropertyValue(AbstractNestablePropertyAccessor.java:280)
	at org.springframework.beans.AbstractPropertyAccessor.setPropertyValues(AbstractPropertyAccessor.java:95)
	at org.springframework.beans.AbstractPropertyAccessor.setPropertyValues(AbstractPropertyAccessor.java:75)
	at org.springframework.beans.factory.support.AbstractAutowireCapableBeanFactory.applyPropertyValues(AbstractAutowireCapableBeanFactory.java:1514)
	... 41 more
20:50:07,550  INFO DefaultTestContextBootstrapper:259 - Loaded default TestExecutionListener class names from location [META-INF/spring.factories]: [org.springframework.test.context.web.ServletTestExecutionListener, org.springframework.test.context.support.DirtiesContextBeforeModesTestExecutionListener, org.springframework.test.context.support.DependencyInjectionTestExecutionListener, org.springframework.test.context.support.DirtiesContextTestExecutionListener, org.springframework.test.context.transaction.TransactionalTestExecutionListener, org.springframework.test.context.jdbc.SqlScriptsTestExecutionListener]
20:50:07,571  INFO DefaultTestContextBootstrapper:185 - Using TestExecutionListeners: [org.springframework.test.context.web.ServletTestExecutionListener@69ea3742, org.springframework.test.context.support.DirtiesContextBeforeModesTestExecutionListener@4b952a2d, org.springframework.test.context.support.DependencyInjectionTestExecutionListener@3159c4b8, org.springframework.test.context.support.DirtiesContextTestExecutionListener@73846619, org.springframework.test.context.transaction.TransactionalTestExecutionListener@4bec1f0c, org.springframework.test.context.jdbc.SqlScriptsTestExecutionListener@29ca901e]
20:50:07,895  INFO XmlBeanDefinitionReader:317 - Loading XML bean definitions from class path resource [applicationContext.xml]
20:50:08,260  INFO GenericApplicationContext:578 - Refreshing org.springframework.context.support.GenericApplicationContext@578486a3: startup date [Sat Sep 23 20:50:08 CST 2017]; root of context hierarchy
20:50:08,359  INFO AutowiredAnnotationBeanPostProcessor:153 - JSR-330 'javax.inject.Inject' annotation found and supported for autowiring
20:50:08,917  INFO GenericApplicationContext:960 - Closing org.springframework.context.support.GenericApplicationContext@578486a3: startup date [Sat Sep 23 20:50:08 CST 2017]; root of context hierarchy
20:52:34,623  INFO DefaultTestContextBootstrapper:259 - Loaded default TestExecutionListener class names from location [META-INF/spring.factories]: [org.springframework.test.context.web.ServletTestExecutionListener, org.springframework.test.context.support.DirtiesContextBeforeModesTestExecutionListener, org.springframework.test.context.support.DependencyInjectionTestExecutionListener, org.springframework.test.context.support.DirtiesContextTestExecutionListener, org.springframework.test.context.transaction.TransactionalTestExecutionListener, org.springframework.test.context.jdbc.SqlScriptsTestExecutionListener]
20:52:34,644  INFO DefaultTestContextBootstrapper:185 - Using TestExecutionListeners: [org.springframework.test.context.web.ServletTestExecutionListener@69ea3742, org.springframework.test.context.support.DirtiesContextBeforeModesTestExecutionListener@4b952a2d, org.springframework.test.context.support.DependencyInjectionTestExecutionListener@3159c4b8, org.springframework.test.context.support.DirtiesContextTestExecutionListener@73846619, org.springframework.test.context.transaction.TransactionalTestExecutionListener@4bec1f0c, org.springframework.test.context.jdbc.SqlScriptsTestExecutionListener@29ca901e]
20:52:34,981  INFO XmlBeanDefinitionReader:317 - Loading XML bean definitions from class path resource [applicationContext.xml]
20:52:35,371  INFO GenericApplicationContext:578 - Refreshing org.springframework.context.support.GenericApplicationContext@578486a3: startup date [Sat Sep 23 20:52:35 CST 2017]; root of context hierarchy
20:52:35,477  INFO AutowiredAnnotationBeanPostProcessor:153 - JSR-330 'javax.inject.Inject' annotation found and supported for autowiring
20:52:35,948  INFO GenericApplicationContext:960 - Closing org.springframework.context.support.GenericApplicationContext@578486a3: startup date [Sat Sep 23 20:52:35 CST 2017]; root of context hierarchy
20:54:07,340  INFO DefaultTestContextBootstrapper:259 - Loaded default TestExecutionListener class names from location [META-INF/spring.factories]: [org.springframework.test.context.web.ServletTestExecutionListener, org.springframework.test.context.support.DirtiesContextBeforeModesTestExecutionListener, org.springframework.test.context.support.DependencyInjectionTestExecutionListener, org.springframework.test.context.support.DirtiesContextTestExecutionListener, org.springframework.test.context.transaction.TransactionalTestExecutionListener, org.springframework.test.context.jdbc.SqlScriptsTestExecutionListener]
20:54:07,366  INFO DefaultTestContextBootstrapper:185 - Using TestExecutionListeners: [org.springframework.test.context.web.ServletTestExecutionListener@69ea3742, org.springframework.test.context.support.DirtiesContextBeforeModesTestExecutionListener@4b952a2d, org.springframework.test.context.support.DependencyInjectionTestExecutionListener@3159c4b8, org.springframework.test.context.support.DirtiesContextTestExecutionListener@73846619, org.springframework.test.context.transaction.TransactionalTestExecutionListener@4bec1f0c, org.springframework.test.context.jdbc.SqlScriptsTestExecutionListener@29ca901e]
20:54:07,702  INFO XmlBeanDefinitionReader:317 - Loading XML bean definitions from class path resource [applicationContext.xml]
20:54:08,115  INFO GenericApplicationContext:578 - Refreshing org.springframework.context.support.GenericApplicationContext@578486a3: startup date [Sat Sep 23 20:54:08 CST 2017]; root of context hierarchy
20:54:08,220  INFO AutowiredAnnotationBeanPostProcessor:153 - JSR-330 'javax.inject.Inject' annotation found and supported for autowiring
20:54:08,758  INFO GenericApplicationContext:960 - Closing org.springframework.context.support.GenericApplicationContext@578486a3: startup date [Sat Sep 23 20:54:08 CST 2017]; root of context hierarchy
20:58:55,090  INFO DefaultTestContextBootstrapper:259 - Loaded default TestExecutionListener class names from location [META-INF/spring.factories]: [org.springframework.test.context.web.ServletTestExecutionListener, org.springframework.test.context.support.DirtiesContextBeforeModesTestExecutionListener, org.springframework.test.context.support.DependencyInjectionTestExecutionListener, org.springframework.test.context.support.DirtiesContextTestExecutionListener, org.springframework.test.context.transaction.TransactionalTestExecutionListener, org.springframework.test.context.jdbc.SqlScriptsTestExecutionListener]
20:58:55,125  INFO DefaultTestContextBootstrapper:185 - Using TestExecutionListeners: [org.springframework.test.context.web.ServletTestExecutionListener@69ea3742, org.springframework.test.context.support.DirtiesContextBeforeModesTestExecutionListener@4b952a2d, org.springframework.test.context.support.DependencyInjectionTestExecutionListener@3159c4b8, org.springframework.test.context.support.DirtiesContextTestExecutionListener@73846619, org.springframework.test.context.transaction.TransactionalTestExecutionListener@4bec1f0c, org.springframework.test.context.jdbc.SqlScriptsTestExecutionListener@29ca901e]
20:58:55,487  INFO XmlBeanDefinitionReader:317 - Loading XML bean definitions from class path resource [applicationContext.xml]
20:58:55,905  INFO GenericApplicationContext:578 - Refreshing org.springframework.context.support.GenericApplicationContext@578486a3: startup date [Sat Sep 23 20:58:55 CST 2017]; root of context hierarchy
20:58:56,016  INFO AutowiredAnnotationBeanPostProcessor:153 - JSR-330 'javax.inject.Inject' annotation found and supported for autowiring
20:58:56,640  INFO GenericApplicationContext:960 - Closing org.springframework.context.support.GenericApplicationContext@578486a3: startup date [Sat Sep 23 20:58:55 CST 2017]; root of context hierarchy
20:59:50,883  INFO DefaultTestContextBootstrapper:259 - Loaded default TestExecutionListener class names from location [META-INF/spring.factories]: [org.springframework.test.context.web.ServletTestExecutionListener, org.springframework.test.context.support.DirtiesContextBeforeModesTestExecutionListener, org.springframework.test.context.support.DependencyInjectionTestExecutionListener, org.springframework.test.context.support.DirtiesContextTestExecutionListener, org.springframework.test.context.transaction.TransactionalTestExecutionListener, org.springframework.test.context.jdbc.SqlScriptsTestExecutionListener]
20:59:50,904  INFO DefaultTestContextBootstrapper:185 - Using TestExecutionListeners: [org.springframework.test.context.web.ServletTestExecutionListener@69ea3742, org.springframework.test.context.support.DirtiesContextBeforeModesTestExecutionListener@4b952a2d, org.springframework.test.context.support.DependencyInjectionTestExecutionListener@3159c4b8, org.springframework.test.context.support.DirtiesContextTestExecutionListener@73846619, org.springframework.test.context.transaction.TransactionalTestExecutionListener@4bec1f0c, org.springframework.test.context.jdbc.SqlScriptsTestExecutionListener@29ca901e]
20:59:51,264  INFO XmlBeanDefinitionReader:317 - Loading XML bean definitions from class path resource [applicationContext.xml]
20:59:51,639  INFO GenericApplicationContext:578 - Refreshing org.springframework.context.support.GenericApplicationContext@578486a3: startup date [Sat Sep 23 20:59:51 CST 2017]; root of context hierarchy
20:59:51,749  INFO AutowiredAnnotationBeanPostProcessor:153 - JSR-330 'javax.inject.Inject' annotation found and supported for autowiring
20:59:52,274  INFO GenericApplicationContext:960 - Closing org.springframework.context.support.GenericApplicationContext@578486a3: startup date [Sat Sep 23 20:59:51 CST 2017]; root of context hierarchy
21:02:48,244  INFO DefaultTestContextBootstrapper:259 - Loaded default TestExecutionListener class names from location [META-INF/spring.factories]: [org.springframework.test.context.web.ServletTestExecutionListener, org.springframework.test.context.support.DirtiesContextBeforeModesTestExecutionListener, org.springframework.test.context.support.DependencyInjectionTestExecutionListener, org.springframework.test.context.support.DirtiesContextTestExecutionListener, org.springframework.test.context.transaction.TransactionalTestExecutionListener, org.springframework.test.context.jdbc.SqlScriptsTestExecutionListener]
21:02:48,266  INFO DefaultTestContextBootstrapper:185 - Using TestExecutionListeners: [org.springframework.test.context.web.ServletTestExecutionListener@69ea3742, org.springframework.test.context.support.DirtiesContextBeforeModesTestExecutionListener@4b952a2d, org.springframework.test.context.support.DependencyInjectionTestExecutionListener@3159c4b8, org.springframework.test.context.support.DirtiesContextTestExecutionListener@73846619, org.springframework.test.context.transaction.TransactionalTestExecutionListener@4bec1f0c, org.springframework.test.context.jdbc.SqlScriptsTestExecutionListener@29ca901e]
21:02:48,596  INFO XmlBeanDefinitionReader:317 - Loading XML bean definitions from class path resource [applicationContext.xml]
21:02:48,957  INFO GenericApplicationContext:578 - Refreshing org.springframework.context.support.GenericApplicationContext@578486a3: startup date [Sat Sep 23 21:02:48 CST 2017]; root of context hierarchy
21:02:49,066  INFO AutowiredAnnotationBeanPostProcessor:153 - JSR-330 'javax.inject.Inject' annotation found and supported for autowiring
21:02:49,583  INFO GenericApplicationContext:960 - Closing org.springframework.context.support.GenericApplicationContext@578486a3: startup date [Sat Sep 23 21:02:48 CST 2017]; root of context hierarchy
21:03:30,677  INFO DefaultTestContextBootstrapper:259 - Loaded default TestExecutionListener class names from location [META-INF/spring.factories]: [org.springframework.test.context.web.ServletTestExecutionListener, org.springframework.test.context.support.DirtiesContextBeforeModesTestExecutionListener, org.springframework.test.context.support.DependencyInjectionTestExecutionListener, org.springframework.test.context.support.DirtiesContextTestExecutionListener, org.springframework.test.context.transaction.TransactionalTestExecutionListener, org.springframework.test.context.jdbc.SqlScriptsTestExecutionListener]
21:03:30,698  INFO DefaultTestContextBootstrapper:185 - Using TestExecutionListeners: [org.springframework.test.context.web.ServletTestExecutionListener@69ea3742, org.springframework.test.context.support.DirtiesContextBeforeModesTestExecutionListener@4b952a2d, org.springframework.test.context.support.DependencyInjectionTestExecutionListener@3159c4b8, org.springframework.test.context.support.DirtiesContextTestExecutionListener@73846619, org.springframework.test.context.transaction.TransactionalTestExecutionListener@4bec1f0c, org.springframework.test.context.jdbc.SqlScriptsTestExecutionListener@29ca901e]
21:03:31,053  INFO XmlBeanDefinitionReader:317 - Loading XML bean definitions from class path resource [applicationContext.xml]
21:03:31,432  INFO GenericApplicationContext:578 - Refreshing org.springframework.context.support.GenericApplicationContext@578486a3: startup date [Sat Sep 23 21:03:31 CST 2017]; root of context hierarchy
21:03:31,573  INFO AutowiredAnnotationBeanPostProcessor:153 - JSR-330 'javax.inject.Inject' annotation found and supported for autowiring
21:03:32,182  INFO GenericApplicationContext:960 - Closing org.springframework.context.support.GenericApplicationContext@578486a3: startup date [Sat Sep 23 21:03:31 CST 2017]; root of context hierarchy
21:11:30,622  INFO DefaultTestContextBootstrapper:259 - Loaded default TestExecutionListener class names from location [META-INF/spring.factories]: [org.springframework.test.context.web.ServletTestExecutionListener, org.springframework.test.context.support.DirtiesContextBeforeModesTestExecutionListener, org.springframework.test.context.support.DependencyInjectionTestExecutionListener, org.springframework.test.context.support.DirtiesContextTestExecutionListener, org.springframework.test.context.transaction.TransactionalTestExecutionListener, org.springframework.test.context.jdbc.SqlScriptsTestExecutionListener]
21:11:30,640  INFO DefaultTestContextBootstrapper:185 - Using TestExecutionListeners: [org.springframework.test.context.web.ServletTestExecutionListener@69ea3742, org.springframework.test.context.support.DirtiesContextBeforeModesTestExecutionListener@4b952a2d, org.springframework.test.context.support.DependencyInjectionTestExecutionListener@3159c4b8, org.springframework.test.context.support.DirtiesContextTestExecutionListener@73846619, org.springframework.test.context.transaction.TransactionalTestExecutionListener@4bec1f0c, org.springframework.test.context.jdbc.SqlScriptsTestExecutionListener@29ca901e]
21:11:30,972  INFO XmlBeanDefinitionReader:317 - Loading XML bean definitions from class path resource [applicationContext.xml]
21:11:31,343  INFO GenericApplicationContext:578 - Refreshing org.springframework.context.support.GenericApplicationContext@578486a3: startup date [Sat Sep 23 21:11:31 CST 2017]; root of context hierarchy
21:11:31,464  INFO AutowiredAnnotationBeanPostProcessor:153 - JSR-330 'javax.inject.Inject' annotation found and supported for autowiring
21:11:31,989  INFO GenericApplicationContext:960 - Closing org.springframework.context.support.GenericApplicationContext@578486a3: startup date [Sat Sep 23 21:11:31 CST 2017]; root of context hierarchy
21:12:08,701  INFO DefaultTestContextBootstrapper:259 - Loaded default TestExecutionListener class names from location [META-INF/spring.factories]: [org.springframework.test.context.web.ServletTestExecutionListener, org.springframework.test.context.support.DirtiesContextBeforeModesTestExecutionListener, org.springframework.test.context.support.DependencyInjectionTestExecutionListener, org.springframework.test.context.support.DirtiesContextTestExecutionListener, org.springframework.test.context.transaction.TransactionalTestExecutionListener, org.springframework.test.context.jdbc.SqlScriptsTestExecutionListener]
21:12:08,720  INFO DefaultTestContextBootstrapper:185 - Using TestExecutionListeners: [org.springframework.test.context.web.ServletTestExecutionListener@69ea3742, org.springframework.test.context.support.DirtiesContextBeforeModesTestExecutionListener@4b952a2d, org.springframework.test.context.support.DependencyInjectionTestExecutionListener@3159c4b8, org.springframework.test.context.support.DirtiesContextTestExecutionListener@73846619, org.springframework.test.context.transaction.TransactionalTestExecutionListener@4bec1f0c, org.springframework.test.context.jdbc.SqlScriptsTestExecutionListener@29ca901e]
21:12:09,075  INFO XmlBeanDefinitionReader:317 - Loading XML bean definitions from class path resource [applicationContext.xml]
21:12:09,444  INFO GenericApplicationContext:578 - Refreshing org.springframework.context.support.GenericApplicationContext@578486a3: startup date [Sat Sep 23 21:12:09 CST 2017]; root of context hierarchy
21:12:09,560  INFO AutowiredAnnotationBeanPostProcessor:153 - JSR-330 'javax.inject.Inject' annotation found and supported for autowiring
21:12:10,112  INFO GenericApplicationContext:960 - Closing org.springframework.context.support.GenericApplicationContext@578486a3: startup date [Sat Sep 23 21:12:09 CST 2017]; root of context hierarchy
21:52:14,046  INFO DefaultTestContextBootstrapper:259 - Loaded default TestExecutionListener class names from location [META-INF/spring.factories]: [org.springframework.test.context.web.ServletTestExecutionListener, org.springframework.test.context.support.DirtiesContextBeforeModesTestExecutionListener, org.springframework.test.context.support.DependencyInjectionTestExecutionListener, org.springframework.test.context.support.DirtiesContextTestExecutionListener, org.springframework.test.context.transaction.TransactionalTestExecutionListener, org.springframework.test.context.jdbc.SqlScriptsTestExecutionListener]
21:52:14,072  INFO DefaultTestContextBootstrapper:185 - Using TestExecutionListeners: [org.springframework.test.context.web.ServletTestExecutionListener@69ea3742, org.springframework.test.context.support.DirtiesContextBeforeModesTestExecutionListener@4b952a2d, org.springframework.test.context.support.DependencyInjectionTestExecutionListener@3159c4b8, org.springframework.test.context.support.DirtiesContextTestExecutionListener@73846619, org.springframework.test.context.transaction.TransactionalTestExecutionListener@4bec1f0c, org.springframework.test.context.jdbc.SqlScriptsTestExecutionListener@29ca901e]
21:52:14,443  INFO XmlBeanDefinitionReader:317 - Loading XML bean definitions from class path resource [applicationContext.xml]
21:52:14,823  INFO GenericApplicationContext:578 - Refreshing org.springframework.context.support.GenericApplicationContext@578486a3: startup date [Sat Sep 23 21:52:14 CST 2017]; root of context hierarchy
21:52:14,934  INFO AutowiredAnnotationBeanPostProcessor:153 - JSR-330 'javax.inject.Inject' annotation found and supported for autowiring
21:52:15,408  INFO GenericApplicationContext:960 - Closing org.springframework.context.support.GenericApplicationContext@578486a3: startup date [Sat Sep 23 21:52:14 CST 2017]; root of context hierarchy
21:59:06,934  INFO DefaultTestContextBootstrapper:259 - Loaded default TestExecutionListener class names from location [META-INF/spring.factories]: [org.springframework.test.context.web.ServletTestExecutionListener, org.springframework.test.context.support.DirtiesContextBeforeModesTestExecutionListener, org.springframework.test.context.support.DependencyInjectionTestExecutionListener, org.springframework.test.context.support.DirtiesContextTestExecutionListener, org.springframework.test.context.transaction.TransactionalTestExecutionListener, org.springframework.test.context.jdbc.SqlScriptsTestExecutionListener]
21:59:06,956  INFO DefaultTestContextBootstrapper:185 - Using TestExecutionListeners: [org.springframework.test.context.web.ServletTestExecutionListener@69ea3742, org.springframework.test.context.support.DirtiesContextBeforeModesTestExecutionListener@4b952a2d, org.springframework.test.context.support.DependencyInjectionTestExecutionListener@3159c4b8, org.springframework.test.context.support.DirtiesContextTestExecutionListener@73846619, org.springframework.test.context.transaction.TransactionalTestExecutionListener@4bec1f0c, org.springframework.test.context.jdbc.SqlScriptsTestExecutionListener@29ca901e]
21:59:07,372  INFO XmlBeanDefinitionReader:317 - Loading XML bean definitions from class path resource [applicationContext.xml]
21:59:07,735  INFO GenericApplicationContext:578 - Refreshing org.springframework.context.support.GenericApplicationContext@578486a3: startup date [Sat Sep 23 21:59:07 CST 2017]; root of context hierarchy
21:59:07,835  INFO AutowiredAnnotationBeanPostProcessor:153 - JSR-330 'javax.inject.Inject' annotation found and supported for autowiring
21:59:08,476  INFO GenericApplicationContext:960 - Closing org.springframework.context.support.GenericApplicationContext@578486a3: startup date [Sat Sep 23 21:59:07 CST 2017]; root of context hierarchy
